<?xml version="1.0" encoding="UTF-8"?>
<!-- Generated by org.testng.reporters.JUnitReportReporter -->
<testsuite hostname="SaG-HO-IT-Murali" failures="0" tests="1" name="mavenforjenkins.UITest" time="12.130" errors="0" timestamp="2023-03-15T15:02:28 IST" skipped="0">
  <testcase classname="mavenforjenkins.UITest" name="startBrowser" time="12.130"/>
  <system-out/>
</testsuite> <!-- mavenforjenkins.UITest -->
